Build started 5/28/2015 4:07:28 PM.
     1>Project "C:\Users\Sudarshan\OpenCLDev\HTS\Build\HTS.vcxproj" on node 2 (Rebuild target(s)).
     1>ClCompile:
         C:\Program Files (x86)\Microsoft Visual Studio 12.0\VC\bin\x86_amd64\CL.exe /c /I"C:\Program Files (x86)\AMD APP SDK\3.0-0-Beta1\\include" /I..\Code\Inc /Zi /nologo /W3 /WX- /sdl /O2 /Oi /GL /D _MBCS /Gm- /EHsc /MD /GS /Gy /fp:precise /Zc:wchar_t /Zc:forScope /Fo"x64\Release\\" /Fd"x64\Release\vc120.pdb" /Gd /TP /errorReport:prompt ..\Code\Src\HTSFrontEnd.cpp ..\Code\Src\HTSOcl.cpp ..\Code\Src\HTSReqQueue.cpp ..\Code\Src\Wrapper.cpp
         HTSFrontEnd.cpp
         HTSOcl.cpp
         HTSReqQueue.cpp
         Wrapper.cpp
       Link:
         C:\Program Files (x86)\Microsoft Visual Studio 12.0\VC\bin\x86_amd64\link.exe /ERRORREPORT:PROMPT /OUT:"C:\Users\Sudarshan\OpenCLDev\HTS\Build\x64\Release\HTS.exe" /NOLOGO /LIBPATH:"C:\Program Files (x86)\AMD APP SDK\3.0-0-Beta1\\lib\x86_64" OpenCL.lib kernel32.lib user32.lib gdi32.lib winspool.lib comdlg32.lib advapi32.lib shell32.lib ole32.lib oleaut32.lib uuid.lib odbc32.lib odbccp32.lib /MANIFEST /MANIFESTUAC:"level='asInvoker' uiAccess='false'" /manifest:embed /DEBUG /PDB:"C:\Users\Sudarshan\OpenCLDev\HTS\Build\x64\Release\HTS.pdb" /OPT:REF /OPT:ICF /LTCG /TLBID:1 /DYNAMICBASE /NXCOMPAT /IMPLIB:"C:\Users\Sudarshan\OpenCLDev\HTS\Build\x64\Release\HTS.lib" /MACHINE:X64 x64\Release\HTSFrontEnd.obj
         x64\Release\HTSOcl.obj
         x64\Release\HTSReqQueue.obj
         x64\Release\Wrapper.obj
         Generating code
         Finished generating code
         HTS.vcxproj -> C:\Users\Sudarshan\OpenCLDev\HTS\Build\x64\Release\HTS.exe
       PostBuildEvent:
         copy ..\Code\Src\*.cl C:\Users\Sudarshan\OpenCLDev\HTS\Build\x64\Release\ /Y & copy ..\Code\Inc\*.hpp C:\Users\Sudarshan\OpenCLDev\HTS\Build\x64\Release\ /Y
         :VCEnd
         ..\Code\Src\HTSKernels.cl
                 1 file(s) copied.
         ..\Code\Inc\HTSBasics.hpp
         ..\Code\Inc\HTSConsts.hpp
         ..\Code\Inc\HTSFrontEnd.hpp
         ..\Code\Inc\HTSOcl.hpp
         ..\Code\Inc\HTSReqQueue.hpp
         ..\Code\Inc\HTSShared.hpp
                 6 file(s) copied.
     1>Done Building Project "C:\Users\Sudarshan\OpenCLDev\HTS\Build\HTS.vcxproj" (Rebuild target(s)).

Build succeeded.

Time Elapsed 00:00:06.80
